2015-11-10 15:26:56 10fc InnoDB: Warning: Using innodb_additional_mem_pool_size is DEPRECATED. This option may be removed in future releases, together with the option innodb_use_sys_malloc and with the InnoDB's internal memory allocator.
2015-11-10 15:26:56 4348 [Note] InnoDB: Using mutexes to ref count buffer pool pages
2015-11-10 15:26:56 4348 [Note] InnoDB: The InnoDB memory heap is disabled
2015-11-10 15:26:56 4348 [Note] InnoDB: Mutexes and rw_locks use Windows interlocked functions
2015-11-10 15:26:56 4348 [Note] InnoDB: Memory barrier is not used
2015-11-10 15:26:56 4348 [Note] InnoDB: Compressed tables use zlib 1.2.3
2015-11-10 15:26:56 4348 [Note] InnoDB: Not using CPU crc32 instructions
2015-11-10 15:26:56 4348 [Note] InnoDB: Initializing buffer pool, size = 16.0M
2015-11-10 15:26:56 4348 [Note] InnoDB: Completed initialization of buffer pool
2015-11-10 15:26:56 4348 [Note] InnoDB: Highest supported file format is Barracuda.
2015-11-10 15:26:57 4348 [Note] InnoDB: 128 rollback segment(s) are active.
2015-11-10 15:26:57 4348 [Note] InnoDB: Waiting for purge to start
2015-11-10 15:26:57 4348 [Note] InnoDB:  Percona XtraDB (http://www.percona.com) 5.6.26-74.0 started; log sequence number 1835027
2015-11-10 15:26:57 6140 [Note] InnoDB: Dumping buffer pool(s) not yet started
2015-11-10 15:26:57 4348 [Note] Plugin 'FEEDBACK' is disabled.
2015-11-10 15:26:57 4348 [Note] Server socket created on IP: '::'.
2015-11-10 15:26:57 4348 [Note] Event Scheduler: Loaded 0 events
2015-11-10 15:26:57 4348 [Note] C:\xampp\mysql\bin\mysqld.exe: ready for connections.
Version: '10.1.8-MariaDB'  socket: ''  port: 3306  mariadb.org binary distribution
2015-11-10 15:27:11 5152 [Note] C:\xampp\mysql\bin\mysqld.exe: Normal shutdown

2015-11-10 15:27:11 5152 [Note] Event Scheduler: Purging the queue. 0 events
2015-11-10 15:27:11 5732 [Note] InnoDB: FTS optimize thread exiting.
2015-11-10 15:27:11 5152 [Note] InnoDB: Starting shutdown...
2015-11-10 15:27:13 5152 [Note] InnoDB: Shutdown completed; log sequence number 1835037
2015-11-10 15:27:13 5152 [Note] C:\xampp\mysql\bin\mysqld.exe: Shutdown complete

2016-05-02 09:18:19 221c InnoDB: Warning: Using innodb_additional_mem_pool_size is DEPRECATED. This option may be removed in future releases, together with the option innodb_use_sys_malloc and with the InnoDB's internal memory allocator.
2016-05-02  9:18:19 8732 [Note] InnoDB: Using mutexes to ref count buffer pool pages
2016-05-02  9:18:19 8732 [Note] InnoDB: The InnoDB memory heap is disabled
2016-05-02  9:18:19 8732 [Note] InnoDB: Mutexes and rw_locks use Windows interlocked functions
2016-05-02  9:18:19 8732 [Note] InnoDB: Memory barrier is not used
2016-05-02  9:18:19 8732 [Note] InnoDB: Compressed tables use zlib 1.2.3
2016-05-02  9:18:19 8732 [Note] InnoDB: Using generic crc32 instructions
2016-05-02  9:18:19 8732 [Note] InnoDB: Initializing buffer pool, size = 16.0M
2016-05-02  9:18:19 8732 [Note] InnoDB: Completed initialization of buffer pool
2016-05-02  9:18:20 8732 [Note] InnoDB: Highest supported file format is Barracuda.
2016-05-02  9:18:20 8732 [Note] InnoDB: 128 rollback segment(s) are active.
2016-05-02  9:18:20 8732 [Note] InnoDB: Waiting for purge to start
2016-05-02  9:18:20 8732 [Note] InnoDB:  Percona XtraDB (http://www.percona.com) 5.6.28-76.1 started; log sequence number 1835037
2016-05-02  9:18:21 3580 [Note] InnoDB: Dumping buffer pool(s) not yet started
2016-05-02  9:18:21 8732 [Note] Plugin 'FEEDBACK' is disabled.
2016-05-02  9:18:21 8732 [Note] Server socket created on IP: '::'.
2016-05-02  9:18:21 8732 [Note] c:\xampp\mysql\bin\mysqld.exe: ready for connections.
Version: '10.1.13-MariaDB'  socket: ''  port: 3306  mariadb.org binary distribution
2016-05-03 09:01:35 d28 InnoDB: Warning: Using innodb_additional_mem_pool_size is DEPRECATED. This option may be removed in future releases, together with the option innodb_use_sys_malloc and with the InnoDB's internal memory allocator.
2016-05-03  9:01:35 3368 [Note] InnoDB: Using mutexes to ref count buffer pool pages
2016-05-03  9:01:35 3368 [Note] InnoDB: The InnoDB memory heap is disabled
2016-05-03  9:01:35 3368 [Note] InnoDB: Mutexes and rw_locks use Windows interlocked functions
2016-05-03  9:01:35 3368 [Note] InnoDB: Memory barrier is not used
2016-05-03  9:01:35 3368 [Note] InnoDB: Compressed tables use zlib 1.2.3
2016-05-03  9:01:35 3368 [Note] InnoDB: Using generic crc32 instructions
2016-05-03  9:01:35 3368 [Note] InnoDB: Initializing buffer pool, size = 16.0M
2016-05-03  9:01:35 3368 [Note] InnoDB: Completed initialization of buffer pool
2016-05-03  9:01:35 3368 [Note] InnoDB: Highest supported file format is Barracuda.
2016-05-03  9:01:35 3368 [Note] InnoDB: The log sequence numbers 1835037 and 1835037 in ibdata files do not match the log sequence number 1835209 in the ib_logfiles!
2016-05-03  9:01:35 3368 [Note] InnoDB: Database was not shutdown normally!
2016-05-03  9:01:35 3368 [Note] InnoDB: Starting crash recovery.
2016-05-03  9:01:35 3368 [Note] InnoDB: Reading tablespace information from the .ibd files...
2016-05-03  9:01:35 3368 [Note] InnoDB: Restoring possible half-written data pages 
2016-05-03  9:01:35 3368 [Note] InnoDB: from the doublewrite buffer...
2016-05-03  9:01:36 3368 [Note] InnoDB: 128 rollback segment(s) are active.
2016-05-03  9:01:36 3368 [Note] InnoDB: Waiting for purge to start
2016-05-03  9:01:36 3368 [Note] InnoDB:  Percona XtraDB (http://www.percona.com) 5.6.28-76.1 started; log sequence number 1835209
2016-05-03  9:01:36 14740 [Note] InnoDB: Dumping buffer pool(s) not yet started
2016-05-03  9:01:36 3368 [Note] Plugin 'FEEDBACK' is disabled.
2016-05-03  9:01:36 3368 [Note] Server socket created on IP: '::'.
2016-05-03  9:01:36 3368 [ERROR] mysqld.exe: Table '.\mysql\db' is marked as crashed and should be repaired
2016-05-03  9:01:36 3368 [Warning] Checking table:   '.\mysql\db'
2016-05-03  9:01:36 3368 [ERROR] mysql.db: 1 client is using or hasn't closed the table properly
2016-05-03  9:01:36 3368 [ERROR] mysqld.exe: Table '.\mysql\tables_priv' is marked as crashed and should be repaired
2016-05-03  9:01:36 3368 [Warning] Checking table:   '.\mysql\tables_priv'
2016-05-03  9:01:36 3368 [ERROR] mysql.tables_priv: 1 client is using or hasn't closed the table properly
2016-05-03  9:01:36 3368 [ERROR] mysqld.exe: Table '.\mysql\columns_priv' is marked as crashed and should be repaired
2016-05-03  9:01:36 3368 [Warning] Checking table:   '.\mysql\columns_priv'
2016-05-03  9:01:36 3368 [ERROR] mysql.columns_priv: 1 client is using or hasn't closed the table properly
2016-05-03  9:01:37 3368 [ERROR] mysqld.exe: Table '.\mysql\procs_priv' is marked as crashed and should be repaired
2016-05-03  9:01:37 3368 [Warning] Checking table:   '.\mysql\procs_priv'
2016-05-03  9:01:37 3368 [ERROR] mysql.procs_priv: 1 client is using or hasn't closed the table properly
2016-05-03  9:01:37 3368 [Note] c:\xampp\mysql\bin\mysqld.exe: ready for connections.
Version: '10.1.13-MariaDB'  socket: ''  port: 3306  mariadb.org binary distribution
2016-05-09 09:06:39 21d8 InnoDB: Warning: Using innodb_additional_mem_pool_size is DEPRECATED. This option may be removed in future releases, together with the option innodb_use_sys_malloc and with the InnoDB's internal memory allocator.
2016-05-09  9:06:39 8664 [Note] InnoDB: Using mutexes to ref count buffer pool pages
2016-05-09  9:06:39 8664 [Note] InnoDB: The InnoDB memory heap is disabled
2016-05-09  9:06:39 8664 [Note] InnoDB: Mutexes and rw_locks use Windows interlocked functions
2016-05-09  9:06:39 8664 [Note] InnoDB: Memory barrier is not used
2016-05-09  9:06:39 8664 [Note] InnoDB: Compressed tables use zlib 1.2.3
2016-05-09  9:06:39 8664 [Note] InnoDB: Using generic crc32 instructions
2016-05-09  9:06:39 8664 [Note] InnoDB: Initializing buffer pool, size = 16.0M
2016-05-09  9:06:39 8664 [Note] InnoDB: Completed initialization of buffer pool
2016-05-09  9:06:39 8664 [Note] InnoDB: Highest supported file format is Barracuda.
2016-05-09  9:06:39 8664 [Note] InnoDB: The log sequence numbers 1835037 and 1835037 in ibdata files do not match the log sequence number 1843926 in the ib_logfiles!
2016-05-09  9:06:39 8664 [Note] InnoDB: Database was not shutdown normally!
2016-05-09  9:06:39 8664 [Note] InnoDB: Starting crash recovery.
2016-05-09  9:06:39 8664 [Note] InnoDB: Reading tablespace information from the .ibd files...
2016-05-09  9:06:41 8664 [Note] InnoDB: Restoring possible half-written data pages 
2016-05-09  9:06:41 8664 [Note] InnoDB: from the doublewrite buffer...
2016-05-09  9:06:49 8664 [Note] InnoDB: 128 rollback segment(s) are active.
2016-05-09  9:06:49 8664 [Note] InnoDB: Waiting for purge to start
2016-05-09  9:06:49 8664 [Note] InnoDB:  Percona XtraDB (http://www.percona.com) 5.6.28-76.1 started; log sequence number 1843926
2016-05-09  9:06:50 6664 [Note] InnoDB: Dumping buffer pool(s) not yet started
2016-05-09  9:06:50 8664 [Note] Plugin 'FEEDBACK' is disabled.
2016-05-09  9:06:50 8664 [Note] Server socket created on IP: '::'.
2016-05-09  9:06:50 8664 [ERROR] mysqld.exe: Table '.\mysql\db' is marked as crashed and should be repaired
2016-05-09  9:06:50 8664 [Warning] Checking table:   '.\mysql\db'
2016-05-09  9:06:50 8664 [ERROR] mysql.db: 1 client is using or hasn't closed the table properly
2016-05-09  9:06:50 8664 [ERROR] mysqld.exe: Table '.\mysql\tables_priv' is marked as crashed and should be repaired
2016-05-09  9:06:51 8664 [Warning] Checking table:   '.\mysql\tables_priv'
2016-05-09  9:06:51 8664 [ERROR] mysql.tables_priv: 1 client is using or hasn't closed the table properly
2016-05-09  9:06:51 8664 [ERROR] mysqld.exe: Table '.\mysql\columns_priv' is marked as crashed and should be repaired
2016-05-09  9:06:51 8664 [Warning] Checking table:   '.\mysql\columns_priv'
2016-05-09  9:06:51 8664 [ERROR] mysql.columns_priv: 1 client is using or hasn't closed the table properly
2016-05-09  9:06:51 8664 [ERROR] mysqld.exe: Table '.\mysql\procs_priv' is marked as crashed and should be repaired
2016-05-09  9:06:51 8664 [Warning] Checking table:   '.\mysql\procs_priv'
2016-05-09  9:06:51 8664 [ERROR] mysql.procs_priv: 1 client is using or hasn't closed the table properly
2016-05-09  9:06:51 8664 [Note] c:\xampp\mysql\bin\mysqld.exe: ready for connections.
Version: '10.1.13-MariaDB'  socket: ''  port: 3306  mariadb.org binary distribution
2016-05-10 15:10:28 7148 [Note] InnoDB: Online DDL : Start
2016-05-10 15:10:28 7148 [Note] InnoDB: Online DDL : Start reading clustered index of the table and create temporary files
2016-05-10 15:10:28 7148 [Note] InnoDB: Online DDL : End of reading clustered index of the table and create temporary files
2016-05-10 15:10:28 7148 [Note] InnoDB: Online DDL : Completed
2016-05-10 15:10:28 7148 [Note] InnoDB: Online DDL : Start
2016-05-10 15:10:28 7148 [Note] InnoDB: Online DDL : Start reading clustered index of the table and create temporary files
2016-05-10 15:10:28 7148 [Note] InnoDB: Online DDL : End of reading clustered index of the table and create temporary files
2016-05-10 15:10:28 7148 [Note] InnoDB: Online DDL : Start merge-sorting index `PRIMARY` (1 / 1), estimated cost : 20.0000
2016-05-10 15:10:28 7148 [Note] InnoDB: Online DDL : End of  merge-sorting index `PRIMARY` (1 / 1)
2016-05-10 15:10:28 7148 [Note] InnoDB: Online DDL : Start building index `PRIMARY` (1 / 1), estimated cost : 30.0000
2016-05-10 15:10:28 7148 [Note] InnoDB: Online DDL : End of building index `PRIMARY` (1 / 1)
2016-05-10 15:10:28 7148 [Note] InnoDB: Online DDL : Completed
2016-05-10 15:10:29 7148 [Note] InnoDB: Online DDL : Start
2016-05-10 15:10:29 7148 [Note] InnoDB: Online DDL : Start reading clustered index of the table and create temporary files
2016-05-10 15:10:29 7148 [Note] InnoDB: Online DDL : End of reading clustered index of the table and create temporary files
2016-05-10 15:10:29 7148 [Note] InnoDB: Online DDL : Start merge-sorting index `PRIMARY` (1 / 1), estimated cost : 20.0000
2016-05-10 15:10:29 7148 [Note] InnoDB: Online DDL : End of  merge-sorting index `PRIMARY` (1 / 1)
2016-05-10 15:10:29 7148 [Note] InnoDB: Online DDL : Start building index `PRIMARY` (1 / 1), estimated cost : 30.0000
2016-05-10 15:10:29 7148 [Note] InnoDB: Online DDL : End of building index `PRIMARY` (1 / 1)
2016-05-10 15:10:29 7148 [Note] InnoDB: Online DDL : Completed
2016-05-10 15:10:30 7148 [Note] InnoDB: Online DDL : Start
2016-05-10 15:10:30 7148 [Note] InnoDB: Online DDL : Start reading clustered index of the table and create temporary files
2016-05-10 15:10:30 7148 [Note] InnoDB: Online DDL : End of reading clustered index of the table and create temporary files
2016-05-10 15:10:30 7148 [Note] InnoDB: Online DDL : Completed
2016-05-10 15:10:31 7148 [Note] InnoDB: Online DDL : Start
2016-05-10 15:10:31 7148 [Note] InnoDB: Online DDL : Start reading clustered index of the table and create temporary files
2016-05-10 15:10:31 7148 [Note] InnoDB: Online DDL : End of reading clustered index of the table and create temporary files
2016-05-10 15:10:31 7148 [Note] InnoDB: Online DDL : Start merge-sorting index `PRIMARY` (1 / 1), estimated cost : 20.0000
2016-05-10 15:10:31 7148 [Note] InnoDB: Online DDL : End of  merge-sorting index `PRIMARY` (1 / 1)
2016-05-10 15:10:31 7148 [Note] InnoDB: Online DDL : Start building index `PRIMARY` (1 / 1), estimated cost : 30.0000
2016-05-10 15:10:31 7148 [Note] InnoDB: Online DDL : End of building index `PRIMARY` (1 / 1)
2016-05-10 15:10:31 7148 [Note] InnoDB: Online DDL : Completed
2016-05-10 15:10:32 7148 [Note] InnoDB: Online DDL : Start
2016-05-10 15:10:32 7148 [Note] InnoDB: Online DDL : Start reading clustered index of the table and create temporary files
2016-05-10 15:10:32 7148 [Note] InnoDB: Online DDL : End of reading clustered index of the table and create temporary files
2016-05-10 15:10:32 7148 [Note] InnoDB: Online DDL : Start merge-sorting index `PRIMARY` (1 / 1), estimated cost : 20.0000
2016-05-10 15:10:32 7148 [Note] InnoDB: Online DDL : End of  merge-sorting index `PRIMARY` (1 / 1)
2016-05-10 15:10:32 7148 [Note] InnoDB: Online DDL : Start building index `PRIMARY` (1 / 1), estimated cost : 30.0000
2016-05-10 15:10:32 7148 [Note] InnoDB: Online DDL : End of building index `PRIMARY` (1 / 1)
2016-05-10 15:10:32 7148 [Note] InnoDB: Online DDL : Completed
2016-05-10 15:10:32 7148 [Note] InnoDB: Online DDL : Start
2016-05-10 15:10:32 7148 [Note] InnoDB: Online DDL : Start reading clustered index of the table and create temporary files
2016-05-10 15:10:32 7148 [Note] InnoDB: Online DDL : End of reading clustered index of the table and create temporary files
2016-05-10 15:10:32 7148 [Note] InnoDB: Online DDL : Start merge-sorting index `PRIMARY` (1 / 1), estimated cost : 20.0000
2016-05-10 15:10:32 7148 [Note] InnoDB: Online DDL : End of  merge-sorting index `PRIMARY` (1 / 1)
2016-05-10 15:10:32 7148 [Note] InnoDB: Online DDL : Start building index `PRIMARY` (1 / 1), estimated cost : 30.0000
2016-05-10 15:10:32 7148 [Note] InnoDB: Online DDL : End of building index `PRIMARY` (1 / 1)
2016-05-10 15:10:32 7148 [Note] InnoDB: Online DDL : Completed
2016-05-10 15:10:33 7148 [Note] InnoDB: Online DDL : Start
2016-05-10 15:10:33 7148 [Note] InnoDB: Online DDL : Start reading clustered index of the table and create temporary files
2016-05-10 15:10:33 7148 [Note] InnoDB: Online DDL : End of reading clustered index of the table and create temporary files
2016-05-10 15:10:33 7148 [Note] InnoDB: Online DDL : Start merge-sorting index `PRIMARY` (1 / 2), estimated cost : 13.3333
2016-05-10 15:10:33 7148 [Note] InnoDB: Online DDL : End of  merge-sorting index `PRIMARY` (1 / 2)
2016-05-10 15:10:33 7148 [Note] InnoDB: Online DDL : Start building index `PRIMARY` (1 / 2), estimated cost : 20.0000
2016-05-10 15:10:33 7148 [Note] InnoDB: Online DDL : End of building index `PRIMARY` (1 / 2)
2016-05-10 15:10:33 7148 [Note] InnoDB: Online DDL : Completed
2016-05-10 15:10:33 7148 [Note] InnoDB: Online DDL : Start merge-sorting index `bin_card_Locations_ID` (2 / 2), estimated cost : 13.3333
2016-05-10 15:10:33 7148 [Note] InnoDB: Online DDL : End of  merge-sorting index `bin_card_Locations_ID` (2 / 2)
2016-05-10 15:10:33 7148 [Note] InnoDB: Online DDL : Start building index `bin_card_Locations_ID` (2 / 2), estimated cost : 20.0000
2016-05-10 15:10:33 7148 [Note] InnoDB: Online DDL : End of building index `bin_card_Locations_ID` (2 / 2)
2016-05-10 15:10:33 7148 [Note] InnoDB: Online DDL : Completed
2016-05-10 15:10:34 7148 [Note] InnoDB: Online DDL : Start
2016-05-10 15:10:34 7148 [Note] InnoDB: Online DDL : Start reading clustered index of the table and create temporary files
2016-05-10 15:10:34 7148 [Note] InnoDB: Online DDL : End of reading clustered index of the table and create temporary files
2016-05-10 15:10:34 7148 [Note] InnoDB: Online DDL : Completed
2016-05-10 15:10:35 7148 [Note] InnoDB: Online DDL : Start
2016-05-10 15:10:35 7148 [Note] InnoDB: Online DDL : Start reading clustered index of the table and create temporary files
2016-05-10 15:10:35 7148 [Note] InnoDB: Online DDL : End of reading clustered index of the table and create temporary files
2016-05-10 15:10:35 7148 [Note] InnoDB: Online DDL : Completed
2016-05-10 15:10:36 7148 [Note] InnoDB: Online DDL : Start
2016-05-10 15:10:36 7148 [Note] InnoDB: Online DDL : Start reading clustered index of the table and create temporary files
2016-05-10 15:10:37 7148 [Note] InnoDB: Online DDL : End of reading clustered index of the table and create temporary files
2016-05-10 15:10:37 7148 [Note] InnoDB: Online DDL : Completed
2016-05-10 15:10:37 7148 [Note] InnoDB: Online DDL : Start
2016-05-10 15:10:37 7148 [Note] InnoDB: Online DDL : Start reading clustered index of the table and create temporary files
2016-05-10 15:10:38 7148 [Note] InnoDB: Online DDL : End of reading clustered index of the table and create temporary files
2016-05-10 15:10:38 7148 [Note] InnoDB: Online DDL : Completed
